<?xml version="1.0" encoding="UTF-8"?>
<robot generator="Robot 7.0.1 (Python 3.12.4 on win32)" generated="2024-07-27T16:06:19.015684" rpa="false" schemaversion="5">
<suite id="s1" name="Primeiro Teste" source="c:\Users\limae\Documents\robot-projetoPadrao\testes\primeiro_teste.robot">
<test id="s1-t1" name="Validar cadastro com sucesso" line="8">
<kw name="Dado que acesso o site" owner="setup_teardown" type="SETUP">
<kw name="Open Browser" owner="SeleniumLibrary">
<msg time="2024-07-27T16:06:19.396448" level="INFO">Opening browser 'Chrome' to base url 'https://demo.automationtesting.in/Register.html'.</msg>
<arg>url=https://demo.automationtesting.in/Register.html</arg>
<arg>browser=Chrome</arg>
<doc>Opens a new browser instance to the optional ``url``.</doc>
<status status="PASS" start="2024-07-27T16:06:19.395418" elapsed="10.536237"/>
</kw>
<kw name="Set Window Size" owner="SeleniumLibrary">
<arg>1920</arg>
<arg>1080</arg>
<doc>Sets current windows size to given ``width`` and ``height``.</doc>
<status status="PASS" start="2024-07-27T16:06:29.932664" elapsed="0.400978"/>
</kw>
<status status="PASS" start="2024-07-27T16:06:19.394364" elapsed="10.939278"/>
</kw>
<kw name="Dado que eu preencha os campos do formulário" owner="cadastro">
<kw name="Input Text" owner="SeleniumLibrary">
<msg time="2024-07-27T16:06:30.335653" level="INFO">Typing text 'EVELYN' into text field 'xpath=//input[@placeholder="First Name"]'.</msg>
<arg>${NOME}</arg>
<arg>EVELYN</arg>
<doc>Types the given ``text`` into the text field identified by ``locator``.</doc>
<status status="PASS" start="2024-07-27T16:06:30.334741" elapsed="0.163257"/>
</kw>
<kw name="Input Text" owner="SeleniumLibrary">
<msg time="2024-07-27T16:06:30.499007" level="INFO">Typing text 'TESTE' into text field 'xpath=//input[@placeholder="Last Name"]'.</msg>
<arg>${SOBRE_NOME}</arg>
<arg>TESTE</arg>
<doc>Types the given ``text`` into the text field identified by ``locator``.</doc>
<status status="PASS" start="2024-07-27T16:06:30.499007" elapsed="0.118108"/>
</kw>
<kw name="Input Text" owner="SeleniumLibrary">
<msg time="2024-07-27T16:06:30.617115" level="INFO">Typing text 'AV TESTE RECIFE' into text field 'xpath=//textarea[@ng-model="Adress"]'.</msg>
<arg>${ENDERECO}</arg>
<arg>AV TESTE RECIFE</arg>
<doc>Types the given ``text`` into the text field identified by ``locator``.</doc>
<status status="PASS" start="2024-07-27T16:06:30.617115" elapsed="0.151120"/>
</kw>
<status status="PASS" start="2024-07-27T16:06:30.334741" elapsed="0.434525"/>
</kw>
<kw name="Fechar o navegador" owner="setup_teardown" type="TEARDOWN">
<kw name="Close Browser" owner="SeleniumLibrary">
<doc>Closes the current browser.</doc>
<status status="PASS" start="2024-07-27T16:06:30.770243" elapsed="2.257190"/>
</kw>
<status status="PASS" start="2024-07-27T16:06:30.769266" elapsed="2.258167"/>
</kw>
<status status="PASS" start="2024-07-27T16:06:19.394364" elapsed="13.635074"/>
</test>
<status status="PASS" start="2024-07-27T16:06:19.022958" elapsed="14.009884"/>
</suite>
<statistics>
<total>
<stat pass="1" fail="0" skip="0">All Tests</stat>
</total>
<tag>
</tag>
<suite>
<stat pass="1" fail="0" skip="0" id="s1" name="Primeiro Teste">Primeiro Teste</stat>
</suite>
</statistics>
<errors>
</errors>
</robot>
