<?xml version="1.0" encoding="UTF-8"?>
<robot generator="Robot 7.0.1 (Python 3.12.4 on win32)" generated="2024-08-02T11:44:32.494683" rpa="false" schemaversion="5">
<suite id="s1" name="Primeiro Teste" source="c:\Users\limae\Documents\robot-projetoPadrao\testes\primeiro_teste.robot">
<test id="s1-t1" name="Validar cadastro selecionando Hockey como Hobbies" line="24">
<kw name="Dado que acesso o site" owner="setup_teardown" type="SETUP">
<kw name="Open Browser" owner="SeleniumLibrary">
<msg time="2024-08-02T11:44:32.772380" level="INFO">Opening browser 'Chrome' to base url 'https://demo.automationtesting.in/Register.html'.</msg>
<arg>url=https://demo.automationtesting.in/Register.html</arg>
<arg>browser=Chrome</arg>
<doc>Opens a new browser instance to the optional ``url``.</doc>
<status status="PASS" start="2024-08-02T11:44:32.771276" elapsed="7.355481"/>
</kw>
<kw name="Set Window Size" owner="SeleniumLibrary">
<arg>1920</arg>
<arg>1080</arg>
<doc>Sets current windows size to given ``width`` and ``height``.</doc>
<status status="PASS" start="2024-08-02T11:44:40.127756" elapsed="0.546524"/>
</kw>
<status status="PASS" start="2024-08-02T11:44:32.770272" elapsed="7.904008"/>
</kw>
<kw name="Dado que eu preencha os campos do formulário" owner="cadastro">
<kw name="Input Text" owner="SeleniumLibrary">
<msg time="2024-08-02T11:44:40.676278" level="INFO">Typing text 'EVELYN' into text field 'xpath=//input[@placeholder="First Name"]'.</msg>
<arg>${NOME}</arg>
<arg>EVELYN</arg>
<doc>Types the given ``text`` into the text field identified by ``locator``.</doc>
<status status="PASS" start="2024-08-02T11:44:40.676278" elapsed="0.218125"/>
</kw>
<kw name="Input Text" owner="SeleniumLibrary">
<msg time="2024-08-02T11:44:40.898410" level="INFO">Typing text 'TESTE' into text field 'xpath=//input[@placeholder="Last Name"]'.</msg>
<arg>${SOBRE_NOME}</arg>
<arg>TESTE</arg>
<doc>Types the given ``text`` into the text field identified by ``locator``.</doc>
<status status="PASS" start="2024-08-02T11:44:40.896422" elapsed="0.190448"/>
</kw>
<kw name="Input Text" owner="SeleniumLibrary">
<msg time="2024-08-02T11:44:41.087870" level="INFO">Typing text 'AV TESTE RECIFE' into text field 'xpath=//textarea[@ng-model="Adress"]'.</msg>
<arg>${ENDERECO}</arg>
<arg>AV TESTE RECIFE</arg>
<doc>Types the given ``text`` into the text field identified by ``locator``.</doc>
<status status="PASS" start="2024-08-02T11:44:41.087870" elapsed="0.151755"/>
</kw>
<kw name="Input Text" owner="SeleniumLibrary">
<msg time="2024-08-02T11:44:41.240627" level="INFO">Typing text 'TESTE@TESTE.COM.BR' into text field 'xpath=//input[@ng-model="EmailAdress"]'.</msg>
<arg>${EMAIL}</arg>
<arg>TESTE@TESTE.COM.BR</arg>
<doc>Types the given ``text`` into the text field identified by ``locator``.</doc>
<status status="PASS" start="2024-08-02T11:44:41.239625" elapsed="0.147148"/>
</kw>
<kw name="Input Text" owner="SeleniumLibrary">
<msg time="2024-08-02T11:44:41.386773" level="INFO">Typing text '81999999999' into text field 'xpath=//input[@ng-model="Phone"]'.</msg>
<arg>${PHONE}</arg>
<arg>81999999999</arg>
<doc>Types the given ``text`` into the text field identified by ``locator``.</doc>
<status status="PASS" start="2024-08-02T11:44:41.386773" elapsed="0.106013"/>
</kw>
<status status="PASS" start="2024-08-02T11:44:40.675365" elapsed="0.817421"/>
</kw>
<kw name="Seleciona skill" owner="cadastro">
<kw name="Select From List By Value ${SKILL}">
<msg time="2024-08-02T11:44:41.495290" level="FAIL">No keyword with name 'Select From List By Value ${SKILL}' found. Did you try using keyword 'SeleniumLibrary.Select From List By Value' and forgot to use enough whitespace between keyword and arguments?</msg>
<arg>${SKILL_ANDROID}</arg>
<status status="FAIL" start="2024-08-02T11:44:41.495290" elapsed="0.002008">No keyword with name 'Select From List By Value ${SKILL}' found. Did you try using keyword 'SeleniumLibrary.Select From List By Value' and forgot to use enough whitespace between keyword and arguments?</status>
</kw>
<status status="FAIL" start="2024-08-02T11:44:41.492786" elapsed="0.004512">No keyword with name 'Select From List By Value ${SKILL}' found. Did you try using keyword 'SeleniumLibrary.Select From List By Value' and forgot to use enough whitespace between keyword and arguments?</status>
</kw>
<kw name="Selecionar Hobbies 'Hockey'" owner="cadastro" source_name="Selecionar Hobbies ${Hobbie}">
<status status="NOT RUN" start="2024-08-02T11:44:41.498300" elapsed="0.000000"/>
</kw>
<kw name="Seleciona idioma" owner="cadastro">
<status status="NOT RUN" start="2024-08-02T11:44:41.499297" elapsed="0.000000"/>
</kw>
<kw name="Fechar o navegador" owner="setup_teardown" type="TEARDOWN">
<kw name="Close Browser" owner="SeleniumLibrary">
<doc>Closes the current browser.</doc>
<status status="PASS" start="2024-08-02T11:44:41.500298" elapsed="2.138868"/>
</kw>
<status status="PASS" start="2024-08-02T11:44:41.499297" elapsed="2.140880"/>
</kw>
<tag>Cadastro</tag>
<status status="FAIL" start="2024-08-02T11:44:32.769272" elapsed="10.871899">No keyword with name 'Select From List By Value ${SKILL}' found. Did you try using keyword 'SeleniumLibrary.Select From List By Value' and forgot to use enough whitespace between keyword and arguments?</status>
</test>
<status status="FAIL" start="2024-08-02T11:44:32.501586" elapsed="11.143961"/>
</suite>
<statistics>
<total>
<stat pass="0" fail="1" skip="0">All Tests</stat>
</total>
<tag>
<stat pass="0" fail="1" skip="0">Cadastro</stat>
</tag>
<suite>
<stat pass="0" fail="1" skip="0" id="s1" name="Primeiro Teste">Primeiro Teste</stat>
</suite>
</statistics>
<errors>
</errors>
</robot>
